2020.11.10 18:50:17 INFO  started: Metals version 0.9.4 in workspace 'E:\IntelliJ\Scale-Project-Clippers' for client vscode.
2020.11.10 18:50:18 INFO  time: initialize in 0.5s
2020.11.10 18:50:18 WARN  no build tool detected in workspace 'E:\IntelliJ\Scale-Project-Clippers'. The most common cause for this problem is that the editor was opened in the wrong working directory, for example if you use sbt then the workspace directory should contain build.sbt. 
2020.11.10 18:50:22 INFO  no build target: using presentation compiler with only scala-library
2020.11.10 18:50:22 WARN  no build target for: E:\IntelliJ\Scale-Project-Clippers\src\MowItNow\Main.scala
2020.11.10 18:52:19 WARN  no build target for: E:\IntelliJ\Scale-Project-Clippers\src\MowFileParser\MowFileReader.scala
2020.11.10 18:55:12 WARN  no build tool detected in workspace 'E:\IntelliJ\Scale-Project-Clippers'. The most common cause for this problem is that the editor was opened in the wrong working directory, for example if you use sbt then the workspace directory should contain build.sbt. 
2020.11.10 18:55:34 WARN  no build tool detected in workspace 'E:\IntelliJ\Scale-Project-Clippers'. The most common cause for this problem is that the editor was opened in the wrong working directory, for example if you use sbt then the workspace directory should contain build.sbt. 
2020.11.10 18:56:53 WARN  no build target for: E:\IntelliJ\Scale-Project-Clippers\src\MowItNow\Garden.scala
2020.11.10 18:57:14 WARN  no build target for: E:\IntelliJ\Scale-Project-Clippers\src\MowFileParser\MowFileReader.scala
nov. 10, 2020 6:57:17 PM org.eclipse.lsp4j.jsonrpc.services.GenericEndpoint notify
INFOS: Unsupported notification method: $/setTraceNotification
2020.11.10 18:57:17 WARN  no build target for: E:\IntelliJ\Scale-Project-Clippers\src\MowItNow\Main.scala
2020.11.10 18:57:19 WARN  no build target for: E:\IntelliJ\Scale-Project-Clippers\src\MowFileParser\MowFileReader.scala
2020.11.10 18:58:25 WARN  no build target for: E:\IntelliJ\Scale-Project-Clippers\src\MowFileParser\MowFileReader.scala
2020.11.10 18:58:32 WARN  no build target for: E:\IntelliJ\Scale-Project-Clippers\src\MowFileParser\MowFileWriter.scala
2020.11.10 18:58:37 WARN  no build target for: E:\IntelliJ\Scale-Project-Clippers\src\MowFileParser\MowFileReader.scala
2020.11.10 18:58:39 WARN  no build target for: E:\IntelliJ\Scale-Project-Clippers\src\MowFileParser\MowFileReader.scala
2020.11.10 18:58:43 WARN  no build target for: E:\IntelliJ\Scale-Project-Clippers\src\MowFileParser\MowFileReader.scala
2020.11.10 18:58:46 WARN  no build target for: E:\IntelliJ\Scale-Project-Clippers\src\MowFileParser\MowFileReader.scala
2020.11.10 18:58:49 WARN  no build target for: E:\IntelliJ\Scale-Project-Clippers\src\MowFileParser\MowFileReader.scala
2020.11.10 18:58:57 WARN  no build target for: E:\IntelliJ\Scale-Project-Clippers\src\MowFileParser\MowFileReader.scala
2020.11.10 18:59:04 WARN  no build target for: E:\IntelliJ\Scale-Project-Clippers\src\MowFileParser\MowFileReader.scala
2020.11.10 18:59:05 WARN  no build target for: E:\IntelliJ\Scale-Project-Clippers\src\MowFileParser\MowFileReader.scala
2020.11.10 18:59:19 WARN  no build target for: E:\IntelliJ\Scale-Project-Clippers\src\MowFileParser\MowFileReader.scala
2020.11.10 18:59:30 WARN  no build target for: E:\IntelliJ\Scale-Project-Clippers\src\MowFileParser\MowFileReader.scala
2020.11.10 18:59:33 WARN  no build target for: E:\IntelliJ\Scale-Project-Clippers\src\MowFileParser\MowFileReader.scala
2020.11.10 18:59:35 WARN  no build target for: E:\IntelliJ\Scale-Project-Clippers\src\MowFileParser\MowFileReader.scala
2020.11.10 18:59:36 WARN  no build target for: E:\IntelliJ\Scale-Project-Clippers\src\MowFileParser\MowFileReader.scala
2020.11.10 18:59:40 WARN  no build target for: E:\IntelliJ\Scale-Project-Clippers\src\MowFileParser\MowFileReader.scala
2020.11.10 18:59:49 WARN  no build target for: E:\IntelliJ\Scale-Project-Clippers\src\MowFileParser\MowFileReader.scala
2020.11.10 18:59:56 WARN  no build target for: E:\IntelliJ\Scale-Project-Clippers\src\MowFileParser\MowFileReader.scala
2020.11.10 19:00:01 WARN  no build target for: E:\IntelliJ\Scale-Project-Clippers\src\MowFileParser\MowFileReader.scala
2020.11.10 19:00:03 WARN  no build target for: E:\IntelliJ\Scale-Project-Clippers\src\MowFileParser\MowFileReader.scala
2020.11.10 19:00:06 WARN  no build target for: E:\IntelliJ\Scale-Project-Clippers\src\MowFileParser\MowFileReader.scala
2020.11.10 19:00:09 WARN  no build target for: E:\IntelliJ\Scale-Project-Clippers\src\MowFileParser\MowFileReader.scala
2020.11.10 19:00:11 WARN  no build target for: E:\IntelliJ\Scale-Project-Clippers\src\MowFileParser\MowFileReader.scala
2020.11.10 19:00:14 WARN  no build target for: E:\IntelliJ\Scale-Project-Clippers\src\MowFileParser\MowFileReader.scala
2020.11.10 19:00:22 WARN  no build target for: E:\IntelliJ\Scale-Project-Clippers\src\MowFileParser\MowFileReader.scala
2020.11.10 19:01:35 WARN  no build target for: E:\IntelliJ\Scale-Project-Clippers\src\MowFileParser\MowFileReader.scala
2020.11.10 19:01:37 WARN  no build target for: E:\IntelliJ\Scale-Project-Clippers\src\MowFileParser\MowFileReader.scala
2020.11.10 19:03:32 WARN  no build target for: E:\IntelliJ\Scale-Project-Clippers\src\MowFileParser\MowFileReader.scala
2020.11.10 19:04:41 WARN  no build target for: E:\IntelliJ\Scale-Project-Clippers\src\MowItNow\Mower.scala
2020.11.10 19:05:23 WARN  no build target for: E:\IntelliJ\Scale-Project-Clippers\src\MowFileParser\MowFileReader.scala
2020.11.10 19:05:25 WARN  no build target for: E:\IntelliJ\Scale-Project-Clippers\src\MowFileParser\MowFileReader.scala
2020.11.10 19:05:29 WARN  no build target for: E:\IntelliJ\Scale-Project-Clippers\src\MowFileParser\MowFileReader.scala
2020.11.10 19:08:07 WARN  no build target for: E:\IntelliJ\Scale-Project-Clippers\src\MowItNow\Mower.scala
something's wrong: no file:///E:/IntelliJ/Scale-Project-Clippers/src/MowItNow/Main.scala in List[Char]RangePosition(file:///E:/IntelliJ/Scale-Project-Clippers/src/MowItNow/Main.scala, 246, 246, 256)
2020.11.10 19:10:34 WARN  no build target for: E:\IntelliJ\Scale-Project-Clippers\src\MowFileParser\MowFileReader.scala
2020.11.10 19:10:45 WARN  no build target for: E:\IntelliJ\Scale-Project-Clippers\src\MowFileParser\MowFileReader.scala
2020.11.10 19:10:49 WARN  no build target for: E:\IntelliJ\Scale-Project-Clippers\src\MowFileParser\MowFileReader.scala
2020.11.10 19:10:52 WARN  no build target for: E:\IntelliJ\Scale-Project-Clippers\src\MowFileParser\MowFileReader.scala
2020.11.10 19:15:55 WARN  no build tool detected in workspace 'E:\IntelliJ\Scale-Project-Clippers'. The most common cause for this problem is that the editor was opened in the wrong working directory, for example if you use sbt then the workspace directory should contain build.sbt. 
2020.11.10 19:15:55 WARN  no build tool detected in workspace 'E:\IntelliJ\Scale-Project-Clippers'. The most common cause for this problem is that the editor was opened in the wrong working directory, for example if you use sbt then the workspace directory should contain build.sbt. 
2020.11.10 19:15:55 WARN  no build tool detected in workspace 'E:\IntelliJ\Scale-Project-Clippers'. The most common cause for this problem is that the editor was opened in the wrong working directory, for example if you use sbt then the workspace directory should contain build.sbt. 
2020.11.10 19:15:55 WARN  no build tool detected in workspace 'E:\IntelliJ\Scale-Project-Clippers'. The most common cause for this problem is that the editor was opened in the wrong working directory, for example if you use sbt then the workspace directory should contain build.sbt. 
2020.11.10 19:15:57 WARN  no build target for: E:\IntelliJ\Scale-Project-Clippers\src\MowFileParser\MowFileReader.scala
2020.11.10 19:16:01 WARN  no build tool detected in workspace 'E:\IntelliJ\Scale-Project-Clippers'. The most common cause for this problem is that the editor was opened in the wrong working directory, for example if you use sbt then the workspace directory should contain build.sbt. 
2020.11.10 19:16:15 WARN  no build target for: E:\IntelliJ\Scale-Project-Clippers\src\MowFileParser\MowFileReader.scala
2020.11.10 19:16:16 WARN  no build target for: E:\IntelliJ\Scale-Project-Clippers\src\MowFileParser\MowFileReader.scala
2020.11.10 19:16:19 WARN  no build target for: E:\IntelliJ\Scale-Project-Clippers\src\MowFileParser\MowFileReader.scala
2020.11.10 19:16:23 WARN  no build target for: E:\IntelliJ\Scale-Project-Clippers\src\MowFileParser\MowFileReader.scala
2020.11.10 19:16:24 WARN  no build tool detected in workspace 'E:\IntelliJ\Scale-Project-Clippers'. The most common cause for this problem is that the editor was opened in the wrong working directory, for example if you use sbt then the workspace directory should contain build.sbt. 
2020.11.10 19:16:24 WARN  no build target for: E:\IntelliJ\Scale-Project-Clippers\src\MowFileParser\MowFileReader.scala
2020.11.10 19:16:27 WARN  no build target for: E:\IntelliJ\Scale-Project-Clippers\src\MowFileParser\MowFileReader.scala
2020.11.10 19:21:59 WARN  no build target for: E:\IntelliJ\Scale-Project-Clippers\src\MowFileParser\MowFileReader.scala
2020.11.10 19:22:04 WARN  no build target for: E:\IntelliJ\Scale-Project-Clippers\src\MowFileParser\MowFileReader.scala
2020.11.10 19:28:22 WARN  no build target for: E:\IntelliJ\Scale-Project-Clippers\src\MowFileParser\MowFileReader.scala
2020.11.10 19:38:47 WARN  no build target for: E:\IntelliJ\Scale-Project-Clippers\src\MowFileParser\MowFileReader.scala
2020.11.10 20:02:50 INFO  shutting down Metals
